0 info it worked if it ends with ok
1 verbose cli [ 'C:\\Program Files\\nodejs\\node.exe',
1 verbose cli   'C:\\Program Files\\nodejs\\node_modules\\npm\\bin\\npm-cli.js',
1 verbose cli   'start' ]
2 info using npm@3.10.10
3 info using node@v6.9.5
4 verbose run-script [ 'prestart', 'start', 'poststart' ]
5 info lifecycle mdp-app@1.0.0~prestart: mdp-app@1.0.0
6 silly lifecycle mdp-app@1.0.0~prestart: no script for prestart, continuing
7 info lifecycle mdp-app@1.0.0~start: mdp-app@1.0.0
8 verbose lifecycle mdp-app@1.0.0~start: unsafe-perm in lifecycle true
9 verbose lifecycle mdp-app@1.0.0~start: PATH: C:\Program Files\nodejs\node_modules\npm\bin\node-gyp-bin;C:\Users\Josh M\Documents\[Projects] Workspace\MDP_Hackathon\node_modules\.bin;C:\Users\Josh M\AppData\Roaming\npm;C:\Program Files\nodejs\;C:\ProgramData\Oracle\Java\javapath;C:\Program Files (x86)\NVIDIA Corporation\PhysX\Common;C:\Program Files\Common Files\Microsoft Shared\Windows Live;C:\Program Files (x86)\Common Files\Microsoft Shared\Windows Live;C:\Program Files (x86)\Intel\iCLS Client\;C:\Program Files\Intel\iCLS Client\;C:\WINDOWS\system32;C:\WINDOWS;C:\WINDOWS\System32\Wbem;C:\WINDOWS\System32\WindowsPowerShell\v1.0\;C:\Program Files\ThinkPad\Bluetooth Software\;C:\Program Files\ThinkPad\Bluetooth Software\syswow64;C:\Program Files\Intel\Intel(R) Management Engine Components\DAL;C:\Program Files\Intel\Intel(R) Management Engine Components\IPT;C:\Program Files (x86)\Intel\Intel(R) Management Engine Components\DAL;C:\Users\Josh M\Documents\apache-maven-3.3.9\bin;C:\Program Files (x86)\Intel\Intel(R) Management Engine Components\IPT;C:\Program Files\Common Files\Lenovo;C:\Program Files (x86)\Common Files\Ulead Systems\MPEG;C:\Program Files (x86)\Windows Live\Shared;C:\SWTOOLS\ReadyApps;C:\Program Files (x86)\Symantec\VIP Access Client\;C:\Program Files (x86)\Common Files\Lenovo;C:\Program Files\TortoiseSVN\bin;C:\Program Files (x86)\Intel\OpenCL SDK\2.0\bin\x86;C:\Program Files (x86)\Intel\OpenCL SDK\2.0\bin\x64;C:\Program Files (x86)\QuickTime\QTSystem\;C:\Program Files\Microsoft SQL Server\110\Tools\Binn\;C:\Program Files\Microsoft SQL Server\120\Tools\Binn\;C:\Program Files\Microsoft\Web Platform Installer\;C:\Program Files (x86)\Microsoft ASP.NET\ASP.NET Web Pages\v1.0\;%USERPROFILE%\.dnx\bin;C:\Program Files\Microsoft DNX\Dnvm\;C:\Program Files (x86)\Windows Kits\8.1\Windows Performance Toolkit\;C:\Program Files (x86)\CloudFoundry;C:\Program Files (x86)\Gow\bin;C:\cygwin64\bin;C:\Program Files (x86)\Java\jdk1.7.0_79\bin;C:\Program Files\nodejs\;C:\Program Files (x86)\PuTTY\;C:\Users\Josh M\Anaconda3;C:\Users\Josh M\Anaconda3\Scripts;C:\Users\Josh M\Anaconda3\Library\bin;C:\Users\Josh M\AppData\Local\Programs\Python\Python35-32\Scripts\;C:\Users\Josh M\AppData\Local\Programs\Python\Python35-32\;C:\Modeltech_pe_edu_10.4a\win32pe_edu;C:\Program Files (x86)\SSH Communications Security\SSH Secure Shell;C:\Users\Josh M\AppData\Local\Microsoft\WindowsApps;C:\Users\Josh M\AppData\Local\.meteor\;C:\Users\Josh M\AppData\Roaming\npm
10 verbose lifecycle mdp-app@1.0.0~start: CWD: C:\Users\Josh M\Documents\[Projects] Workspace\MDP_Hackathon
11 silly lifecycle mdp-app@1.0.0~start: Args: [ '/d /s /c', 'webpack-dashboard -- nodemon server' ]
12 silly lifecycle mdp-app@1.0.0~start: Returned: code: 1  signal: null
13 info lifecycle mdp-app@1.0.0~start: Failed to exec start script
14 verbose stack Error: mdp-app@1.0.0 start: `webpack-dashboard -- nodemon server`
14 verbose stack Exit status 1
14 verbose stack     at EventEmitter.<anonymous> (C:\Program Files\nodejs\node_modules\npm\lib\utils\lifecycle.js:255:16)
14 verbose stack     at emitTwo (events.js:106:13)
14 verbose stack     at EventEmitter.emit (events.js:191:7)
14 verbose stack     at ChildProcess.<anonymous> (C:\Program Files\nodejs\node_modules\npm\lib\utils\spawn.js:40:14)
14 verbose stack     at emitTwo (events.js:106:13)
14 verbose stack     at ChildProcess.emit (events.js:191:7)
14 verbose stack     at maybeClose (internal/child_process.js:877:16)
14 verbose stack     at Process.ChildProcess._handle.onexit (internal/child_process.js:226:5)
15 verbose pkgid mdp-app@1.0.0
16 verbose cwd C:\Users\Josh M\Documents\[Projects] Workspace\MDP_Hackathon
17 error Windows_NT 10.0.14393
18 error argv "C:\\Program Files\\nodejs\\node.exe" "C:\\Program Files\\nodejs\\node_modules\\npm\\bin\\npm-cli.js" "start"
19 error node v6.9.5
20 error npm  v3.10.10
21 error code ELIFECYCLE
22 error mdp-app@1.0.0 start: `webpack-dashboard -- nodemon server`
22 error Exit status 1
23 error Failed at the mdp-app@1.0.0 start script 'webpack-dashboard -- nodemon server'.
23 error Make sure you have the latest version of node.js and npm installed.
23 error If you do, this is most likely a problem with the mdp-app package,
23 error not with npm itself.
23 error Tell the author that this fails on your system:
23 error     webpack-dashboard -- nodemon server
23 error You can get information on how to open an issue for this project with:
23 error     npm bugs mdp-app
23 error Or if that isn't available, you can get their info via:
23 error     npm owner ls mdp-app
23 error There is likely additional logging output above.
24 verbose exit [ 1, true ]
